\BOOKMARK [1][-]{section.1.1}{Personnes cl\351s d'une th\350se}{}% 1
\BOOKMARK [1][-]{section.1.2}{Moments cl\351s d'une th\350se}{}% 2
\BOOKMARK [2][-]{subsection.1.2.1}{La recherche bibliographique}{section.1.2}% 3
\BOOKMARK [2][-]{subsection.1.2.2}{Les travaux de recherche}{section.1.2}% 4
\BOOKMARK [2][-]{subsection.1.2.3}{Soutenance et r\351daction finale}{section.1.2}% 5
\BOOKMARK [2][-]{subsection.1.2.4}{Outils pour la bibliographie}{section.1.2}% 6
\BOOKMARK [2][-]{subsection.1.2.5}{Outils pour le trac\351 de figures}{section.1.2}% 7
\BOOKMARK [1][-]{section.1.3}{L'organisation, une n\351cessit\351}{}% 8
\BOOKMARK [2][-]{subsection.1.3.1}{Un projet sur 3 ans}{section.1.3}% 9
\BOOKMARK [2][-]{subsection.1.3.2}{De multiples acteurs}{section.1.3}% 10
\BOOKMARK [2][-]{subsection.1.3.3}{De nombreux livrables}{section.1.3}% 11
\BOOKMARK [2][-]{subsection.1.3.4}{Outils pour s'organiser}{section.1.3}% 12
\BOOKMARK [1][-]{section.1.4}{La r\351daction... un passage oblig\351}{}% 13
\BOOKMARK [2][-]{subsection.1.4.1}{Point d'avancement}{section.1.4}% 14
\BOOKMARK [2][-]{subsection.1.4.2}{R\351daction scientifique}{section.1.4}% 15
\BOOKMARK [2][-]{subsection.1.4.3}{LaTeX, une alternative \340 Word}{section.1.4}% 16
\BOOKMARK [3][-]{subsubsection.1.4.3.1}{Qu'est ce que LaTeX?}{subsection.1.4.3}% 17
\BOOKMARK [3][-]{subsubsection.1.4.3.2}{Avantages et Inconv\351nients}{subsection.1.4.3}% 18
\BOOKMARK [3][-]{subsubsection.1.4.3.3}{Comment r\351diger sous LaTeX}{subsection.1.4.3}% 19
\BOOKMARK [3][-]{subsubsection.1.4.3.4}{Quelques exemples de fonctions sous LaTeX}{subsection.1.4.3}% 20
